
6월 06, 2022 14:13:33.43 NEW SESSION
6월 06, 2022 14:13:33.43 [9916:17716:0606/141333.432:ERROR:device_event_log_impl.cc(214)] [14:13:33.432] Bluetooth: bluetooth_adapter_winrt.cc:1074 Getting Default Adapter failed.
6월 06, 2022 14:14:30.51 [9916:18640:0606/141430.509:ERROR:util.cc(127)] Can't create base directory: C:\Program Files\Google\GoogleUpdater
6월 06, 2022 17:39:17.43 [20152:2676:0606/173917.435:ERROR:device_event_log_impl.cc(214)] [17:39:17.434] Bluetooth: bluetooth_adapter_winrt.cc:1074 Getting Default Adapter failed.
6월 06, 2022 17:40:15.10 [20152:19144:0606/174015.109:ERROR:util.cc(127)] Can't create base directory: C:\Program Files\Google\GoogleUpdater
6월 06, 2022 17:55:33.67 [18156:18560:0606/175533.676:ERROR:device_event_log_impl.cc(214)] [17:55:33.675] Bluetooth: bluetooth_adapter_winrt.cc:1074 Getting Default Adapter failed.
6월 06, 2022 17:56:43.92 [16572:22204:0606/175643.928:ERROR:device_event_log_impl.cc(214)] [17:56:43.928] Bluetooth: bluetooth_adapter_winrt.cc:1074 Getting Default Adapter failed.
6월 06, 2022 17:57:41.80 [16572:21556:0606/175741.799:ERROR:util.cc(127)] Can't create base directory: C:\Program Files\Google\GoogleUpdater

6월 06, 2022 19:46:57.96 NEW SESSION
6월 06, 2022 19:46:57.96 [20800:22780:0606/194657.966:ERROR:device_event_log_impl.cc(214)] [19:46:57.965] Bluetooth: bluetooth_adapter_winrt.cc:1074 Getting Default Adapter failed.
6월 06, 2022 19:47:55.05 [20800:22424:0606/194755.051:ERROR:util.cc(127)] Can't create base directory: C:\Program Files\Google\GoogleUpdater

6월 07, 2022 20:58:23.10 NEW SESSION
6월 07, 2022 20:58:23.10 [1004:17076:0607/205823.105:ERROR:device_event_log_impl.cc(214)] [20:58:23.105] Bluetooth: bluetooth_adapter_winrt.cc:1074 Getting Default Adapter failed.

6월 08, 2022 14:30:53.93 NEW SESSION
6월 08, 2022 14:30:53.93 [21144:10760:0608/143053.933:ERROR:device_event_log_impl.cc(214)] [14:30:53.933] Bluetooth: bluetooth_adapter_winrt.cc:1074 Getting Default Adapter failed.
6월 08, 2022 14:31:08.14 [21052:16852:0608/143108.148:ERROR:device_event_log_impl.cc(214)] [14:31:08.148] Bluetooth: bluetooth_adapter_winrt.cc:1074 Getting Default Adapter failed.
6월 08, 2022 14:31:34.45 [19116:16872:0608/143134.455:ERROR:device_event_log_impl.cc(214)] [14:31:34.454] Bluetooth: bluetooth_adapter_winrt.cc:1074 Getting Default Adapter failed.
6월 08, 2022 14:31:42.00 [14924:12516:0608/143142.002:ERROR:device_event_log_impl.cc(214)] [14:31:42.003] Bluetooth: bluetooth_adapter_winrt.cc:1074 Getting Default Adapter failed.

6월 10, 2022 14:36:56.27 NEW SESSION
6월 10, 2022 14:36:56.27 [2968:19076:0610/143656.268:ERROR:device_event_log_impl.cc(214)] [14:36:56.268] Bluetooth: bluetooth_adapter_winrt.cc:1074 Getting Default Adapter failed.
6월 10, 2022 14:37:53.15 [2968:19092:0610/143753.159:ERROR:util.cc(127)] Can't create base directory: C:\Program Files\Google\GoogleUpdater
6월 10, 2022 15:05:07.15 [23520:21356:0610/150507.150:ERROR:device_event_log_impl.cc(214)] [15:05:07.150] Bluetooth: bluetooth_adapter_winrt.cc:1074 Getting Default Adapter failed.
6월 10, 2022 15:06:03.66 [23520:19668:0610/150603.666:ERROR:util.cc(127)] Can't create base directory: C:\Program Files\Google\GoogleUpdater
6월 10, 2022 15:21:31.76 [24608:25424:0610/152131.760:ERROR:device_event_log_impl.cc(214)] [15:21:31.759] Bluetooth: bluetooth_adapter_winrt.cc:1074 Getting Default Adapter failed.
6월 10, 2022 15:22:29.57 [24608:25376:0610/152229.579:ERROR:util.cc(127)] Can't create base directory: C:\Program Files\Google\GoogleUpdater
6월 10, 2022 15:33:09.47 [16728:23628:0610/153309.476:ERROR:device_event_log_impl.cc(214)] [15:33:09.475] Bluetooth: bluetooth_adapter_winrt.cc:1074 Getting Default Adapter failed.
6월 10, 2022 15:34:07.42 [16728:18724:0610/153407.425:ERROR:util.cc(127)] Can't create base directory: C:\Program Files\Google\GoogleUpdater
6월 10, 2022 16:49:13.70 [16728:23628:0610/164913.709:ERROR:interface_endpoint_client.cc(665)] Message 5 rejected by interface blink.mojom.WidgetHost
6월 10, 2022 17:51:46.20 [16728:23628:0610/175146.205:ERROR:CONSOLE(1)] "Uncaught (in promise) RangeError: Invalid line number 129 in 1-line document", source: devtools://devtools/bundled/devtools-frontend/front_end/third_party/codemirror.next/chunk/codemirror.js (1)

6월 11, 2022 20:33:48.61 NEW SESSION
6월 11, 2022 20:33:48.61 [19528:20952:0611/203348.616:ERROR:device_event_log_impl.cc(214)] [20:33:48.616] Bluetooth: bluetooth_adapter_winrt.cc:1074 Getting Default Adapter failed.
6월 11, 2022 20:35:11.46 [22184:22188:0611/203511.463:ERROR:device_event_log_impl.cc(214)] [20:35:11.463] Bluetooth: bluetooth_adapter_winrt.cc:1074 Getting Default Adapter failed.
6월 11, 2022 20:36:07.43 [22184:19608:0611/203607.438:ERROR:util.cc(127)] Can't create base directory: C:\Program Files\Google\GoogleUpdater

6월 12, 2022 15:41:40.07 NEW SESSION
6월 12, 2022 15:41:40.07 [14624:8468:0612/154140.072:ERROR:device_event_log_impl.cc(214)] [15:41:40.072] Bluetooth: bluetooth_adapter_winrt.cc:1074 Getting Default Adapter failed.
6월 12, 2022 15:42:36.56 [14624:4040:0612/154236.561:ERROR:util.cc(127)] Can't create base directory: C:\Program Files\Google\GoogleUpdater
6월 12, 2022 20:42:36.56 [14624:17608:0612/204236.569:ERROR:util.cc(127)] Can't create base directory: C:\Program Files\Google\GoogleUpdater

6월 13, 2022 21:27:00.46 NEW SESSION
6월 13, 2022 21:27:00.46 [10132:13488:0613/212700.459:ERROR:device_event_log_impl.cc(214)] [21:27:00.459] Bluetooth: bluetooth_adapter_winrt.cc:1074 Getting Default Adapter failed.
6월 13, 2022 21:27:54.85 [10132:5372:0613/212754.855:ERROR:util.cc(127)] Can't create base directory: C:\Program Files\Google\GoogleUpdater

6월 13, 2022 23:46:36.91 NEW SESSION
6월 13, 2022 23:46:36.91 [22208:21444:0613/234636.915:ERROR:device_event_log_impl.cc(214)] [23:46:36.914] Bluetooth: bluetooth_adapter_winrt.cc:1074 Getting Default Adapter failed.
6월 13, 2022 23:48:17.93 [21148:17448:0613/234817.939:ERROR:device_event_log_impl.cc(214)] [23:48:17.939] Bluetooth: bluetooth_adapter_winrt.cc:1074 Getting Default Adapter failed.
6월 13, 2022 23:49:15.58 [21148:10180:0613/234915.582:ERROR:util.cc(127)] Can't create base directory: C:\Program Files\Google\GoogleUpdater

6월 14, 2022 08:52:16.07 NEW SESSION
6월 14, 2022 08:52:16.07 [14380:10344:0614/085216.073:ERROR:device_event_log_impl.cc(214)] [08:52:16.073] Bluetooth: bluetooth_adapter_winrt.cc:1074 Getting Default Adapter failed.
6월 14, 2022 08:53:12.92 [14380:16660:0614/085312.923:ERROR:util.cc(127)] Can't create base directory: C:\Program Files\Google\GoogleUpdater

6월 15, 2022 21:43:46.59 NEW SESSION
6월 15, 2022 21:43:46.59 [18484:13604:0615/214346.591:ERROR:device_event_log_impl.cc(214)] [21:43:46.591] Bluetooth: bluetooth_adapter_winrt.cc:1074 Getting Default Adapter failed.
6월 15, 2022 21:44:39.90 [18484:3896:0615/214439.900:ERROR:util.cc(127)] Can't create base directory: C:\Program Files\Google\GoogleUpdater

6월 15, 2022 23:18:15.53 NEW SESSION
6월 15, 2022 23:18:15.54 [20900:20200:0615/231815.538:ERROR:device_event_log_impl.cc(214)] [23:18:15.538] Bluetooth: bluetooth_adapter_winrt.cc:1074 Getting Default Adapter failed.
6월 15, 2022 23:19:12.75 [20900:14116:0615/231912.751:ERROR:util.cc(127)] Can't create base directory: C:\Program Files\Google\GoogleUpdater
6월 15, 2022 23:53:58.84 [0615/235358.779:ERROR:filesystem_win.cc(130)] GetFileAttributes C:\Users\adf77\AppData\Local\Google\Chrome\User Data\Crashpad\attachments\8115b610-70cd-4970-8913-8f217f1e96bc: 지정된 파일을 찾을 수 없습니다. (0x2)
6월 15, 2022 23:53:58.84 [0615/235358.781:ERROR:filesystem_win.cc(130)] GetFileAttributes C:\Users\adf77\AppData\Local\Google\Chrome\User Data\Crashpad\attachments\e40f40c9-abfa-4c66-9845-623e4401a115: 지정된 파일을 찾을 수 없습니다. (0x2)
6월 15, 2022 23:53:58.85 [0615/235358.783:ERROR:filesystem_win.cc(130)] GetFileAttributes C:\Users\adf77\AppData\Local\Google\Chrome\User Data\Crashpad\attachments\8115b610-70cd-4970-8913-8f217f1e96bc: 지정된 파일을 찾을 수 없습니다. (0x2)
6월 15, 2022 23:53:58.85 [0615/235358.784:ERROR:filesystem_win.cc(130)] GetFileAttributes C:\Users\adf77\AppData\Local\Google\Chrome\User Data\Crashpad\attachments\e40f40c9-abfa-4c66-9845-623e4401a115: 지정된 파일을 찾을 수 없습니다. (0x2)
6월 15, 2022 23:53:58.87 [0615/235358.787:ERROR:filesystem_win.cc(130)] GetFileAttributes C:\Users\adf77\AppData\Local\Google\Chrome\User Data\Crashpad\attachments\8115b610-70cd-4970-8913-8f217f1e96bc: 지정된 파일을 찾을 수 없습니다. (0x2)
6월 15, 2022 23:53:58.87 [0615/235358.788:ERROR:filesystem_win.cc(130)] GetFileAttributes C:\Users\adf77\AppData\Local\Google\Chrome\User Data\Crashpad\attachments\e40f40c9-abfa-4c66-9845-623e4401a115: 지정된 파일을 찾을 수 없습니다. (0x2)
6월 15, 2022 23:53:58.87 [0615/235358.789:ERROR:filesystem_win.cc(130)] GetFileAttributes C:\Users\adf77\AppData\Local\Google\Chrome\User Data\Crashpad\attachments\e40f40c9-abfa-4c66-9845-623e4401a115: 지정된 파일을 찾을 수 없습니다. (0x2)
6월 15, 2022 23:53:58.88 [0615/235358.800:ERROR:filesystem_win.cc(130)] GetFileAttributes C:\Users\adf77\AppData\Local\Google\Chrome\User Data\Crashpad\attachments\8115b610-70cd-4970-8913-8f217f1e96bc: 지정된 파일을 찾을 수 없습니다. (0x2)
6월 15, 2022 23:53:58.88 [0615/235358.801:ERROR:filesystem_win.cc(130)] GetFileAttributes C:\Users\adf77\AppData\Local\Google\Chrome\User Data\Crashpad\attachments\8115b610-70cd-4970-8913-8f217f1e96bc: 지정된 파일을 찾을 수 없습니다. (0x2)

6월 16, 2022 08:23:12.25 NEW SESSION
6월 16, 2022 08:23:12.25 [13572:2792:0616/082312.253:ERROR:device_event_log_impl.cc(214)] [08:23:12.253] Bluetooth: bluetooth_adapter_winrt.cc:1074 Getting Default Adapter failed.
6월 16, 2022 08:23:49.16 [13572:15292:0616/082349.161:ERROR:util.cc(127)] Can't create base directory: C:\Program Files\Google\GoogleUpdater

6월 16, 2022 14:08:14.81 NEW SESSION
6월 16, 2022 14:08:14.81 [11524:16212:0616/140814.812:ERROR:device_event_log_impl.cc(214)] [14:08:14.812] Bluetooth: bluetooth_adapter_winrt.cc:1074 Getting Default Adapter failed.
6월 16, 2022 14:09:08.72 [11524:20844:0616/140908.727:ERROR:util.cc(127)] Can't create base directory: C:\Program Files\Google\GoogleUpdater
6월 16, 2022 17:05:52.23 [22676:15828:0616/170552.236:ERROR:device_event_log_impl.cc(214)] [17:05:52.236] Bluetooth: bluetooth_adapter_winrt.cc:1074 Getting Default Adapter failed.
6월 16, 2022 17:08:18.42 [23300:22888:0616/170818.426:ERROR:device_event_log_impl.cc(214)] [17:08:18.425] Bluetooth: bluetooth_adapter_winrt.cc:1074 Getting Default Adapter failed.
6월 16, 2022 17:09:13.95 [23300:25292:0616/170913.958:ERROR:util.cc(127)] Can't create base directory: C:\Program Files\Google\GoogleUpdater

6월 16, 2022 20:04:32.01 NEW SESSION
6월 16, 2022 20:04:32.01 [13660:24152:0616/200432.014:ERROR:device_event_log_impl.cc(214)] [20:04:32.014] Bluetooth: bluetooth_adapter_winrt.cc:1074 Getting Default Adapter failed.
6월 16, 2022 20:05:28.61 [13660:9124:0616/200528.615:ERROR:util.cc(127)] Can't create base directory: C:\Program Files\Google\GoogleUpdater

6월 16, 2022 23:00:18.60 NEW SESSION
6월 16, 2022 23:00:18.60 [6200:3212:0616/230018.606:ERROR:device_event_log_impl.cc(214)] [23:00:18.606] Bluetooth: bluetooth_adapter_winrt.cc:1074 Getting Default Adapter failed.
6월 16, 2022 23:01:39.18 [19996:12712:0616/230139.181:ERROR:device_event_log_impl.cc(214)] [23:01:39.181] Bluetooth: bluetooth_adapter_winrt.cc:1074 Getting Default Adapter failed.
6월 16, 2022 23:02:35.48 [19996:16500:0616/230235.483:ERROR:util.cc(127)] Can't create base directory: C:\Program Files\Google\GoogleUpdater

6월 17, 2022 20:15:27.59 NEW SESSION
6월 17, 2022 20:15:27.59 [16972:11864:0617/201527.589:ERROR:device_event_log_impl.cc(214)] [20:15:27.589] Bluetooth: bluetooth_adapter_winrt.cc:1074 Getting Default Adapter failed.
6월 17, 2022 20:16:22.17 [16972:5192:0617/201622.173:ERROR:util.cc(127)] Can't create base directory: C:\Program Files\Google\GoogleUpdater

6월 18, 2022 13:34:45.11 NEW SESSION
6월 18, 2022 13:34:45.11 [16172:3380:0618/133445.115:ERROR:device_event_log_impl.cc(214)] [13:34:45.115] Bluetooth: bluetooth_adapter_winrt.cc:1074 Getting Default Adapter failed.
6월 18, 2022 13:35:40.52 [16172:15308:0618/133540.522:ERROR:util.cc(127)] Can't create base directory: C:\Program Files\Google\GoogleUpdater
6월 18, 2022 18:35:40.52 [16172:4784:0618/183540.528:ERROR:util.cc(127)] Can't create base directory: C:\Program Files\Google\GoogleUpdater

6월 18, 2022 20:17:22.52 NEW SESSION
6월 18, 2022 20:17:22.52 [620:18444:0618/201722.525:ERROR:device_event_log_impl.cc(214)] [20:17:22.525] Bluetooth: bluetooth_adapter_winrt.cc:1074 Getting Default Adapter failed.
6월 18, 2022 20:18:17.28 [620:12372:0618/201817.288:ERROR:util.cc(127)] Can't create base directory: C:\Program Files\Google\GoogleUpdater
6월 18, 2022 23:41:17.87 [620:18444:0618/234117.872:ERROR:CONSOLE(0)] "ResizeObserver loop limit exceeded", source: devtools://devtools/bundled/devtools_app.html?remoteBase=https://chrome-devtools-frontend.appspot.com/serve_file/@174dbe6e33bc81994fceb71d751be201d0b4803d/&can_dock=true (0)
6월 19, 2022 24:51:10.20 [25012:15792:0619/005110.208:ERROR:device_event_log_impl.cc(214)] [00:51:10.208] Bluetooth: bluetooth_adapter_winrt.cc:1074 Getting Default Adapter failed.
6월 19, 2022 24:52:06.49 [25012:20768:0619/005206.489:ERROR:util.cc(127)] Can't create base directory: C:\Program Files\Google\GoogleUpdater

6월 19, 2022 12:55:08.04 NEW SESSION
6월 19, 2022 12:55:08.04 [1368:8632:0619/125508.047:ERROR:device_event_log_impl.cc(214)] [12:55:08.047] Bluetooth: bluetooth_adapter_winrt.cc:1074 Getting Default Adapter failed.
6월 19, 2022 12:56:00.91 [1368:17992:0619/125600.919:ERROR:util.cc(127)] Can't create base directory: C:\Program Files\Google\GoogleUpdater

6월 19, 2022 14:06:26.59 NEW SESSION
6월 19, 2022 14:06:26.59 [16580:12540:0619/140626.592:ERROR:device_event_log_impl.cc(214)] [14:06:26.593] Bluetooth: bluetooth_adapter_winrt.cc:1074 Getting Default Adapter failed.
6월 19, 2022 14:07:21.26 [16580:10932:0619/140721.260:ERROR:util.cc(127)] Can't create base directory: C:\Program Files\Google\GoogleUpdater

6월 19, 2022 20:23:10.78 NEW SESSION
6월 19, 2022 20:23:10.78 [19820:14632:0619/202310.787:ERROR:device_event_log_impl.cc(214)] [20:23:10.786] Bluetooth: bluetooth_adapter_winrt.cc:1074 Getting Default Adapter failed.
6월 19, 2022 20:24:04.22 [19820:10608:0619/202404.224:ERROR:util.cc(127)] Can't create base directory: C:\Program Files\Google\GoogleUpdater

6월 19, 2022 20:45:11.05 NEW SESSION
6월 19, 2022 20:45:11.05 [25288:20388:0619/204511.056:ERROR:device_event_log_impl.cc(214)] [20:45:11.056] Bluetooth: bluetooth_adapter_winrt.cc:1074 Getting Default Adapter failed.
6월 19, 2022 20:46:03.90 [25288:25204:0619/204603.907:ERROR:util.cc(127)] Can't create base directory: C:\Program Files\Google\GoogleUpdater

6월 19, 2022 22:56:34.93 NEW SESSION
6월 19, 2022 22:56:34.93 [23880:13840:0619/225634.935:ERROR:device_event_log_impl.cc(214)] [22:56:34.935] Bluetooth: bluetooth_adapter_winrt.cc:1074 Getting Default Adapter failed.
6월 19, 2022 22:56:55.78 [23880:18652:0619/225655.782:ERROR:util.cc(127)] Can't create base directory: C:\Program Files\Google\GoogleUpdater

6월 21, 2022 10:31:48.53 NEW SESSION
6월 21, 2022 10:31:48.53 [16412:7732:0621/103148.536:ERROR:device_event_log_impl.cc(214)] [10:31:48.536] Bluetooth: bluetooth_adapter_winrt.cc:1074 Getting Default Adapter failed.
6월 21, 2022 10:32:48.23 [19176:16156:0621/103248.234:ERROR:device_event_log_impl.cc(214)] [10:32:48.235] Bluetooth: bluetooth_adapter_winrt.cc:1074 Getting Default Adapter failed.
6월 21, 2022 10:33:42.20 [19176:19592:0621/103342.205:ERROR:util.cc(127)] Can't create base directory: C:\Program Files\Google\GoogleUpdater

6월 24, 2022 15:52:36.06 NEW SESSION
6월 24, 2022 15:52:36.06 [7892:11648:0624/155236.060:ERROR:device_event_log_impl.cc(214)] [15:52:36.060] Bluetooth: bluetooth_adapter_winrt.cc:1074 Getting Default Adapter failed.
6월 24, 2022 15:53:28.70 [7892:14364:0624/155328.701:ERROR:util.cc(127)] Can't create base directory: C:\Program Files\Google\GoogleUpdater

7월 04, 2022 10:20:27.88 NEW SESSION
7월 04, 2022 10:20:27.88 [16328:16348:0704/102027.883:ERROR:device_event_log_impl.cc(214)] [10:20:27.882] Bluetooth: bluetooth_adapter_winrt.cc:1074 Getting Default Adapter failed.
7월 04, 2022 10:21:21.90 [16328:268:0704/102121.902:ERROR:util.cc(127)] Can't create base directory: C:\Program Files\Google\GoogleUpdater
